# JRE version: Java(TM) SE Runtime Environment (8.0_121-b13) (build 1.8.0_121-b13)
# Java VM: Java HotSpot(TM) 64-Bit Server VM (25.121-b13 mixed mode windows-amd64 compressed oops)
Heap:
 PSYoungGen      total 32256K, used 1526K [0x000000076b000000, 0x000000076d180000, 0x00000007c0000000)
  eden space 31232K, 2% used [0x000000076b000000,0x000000076b09db88,0x000000076ce80000)
  from space 1024K, 87% used [0x000000076d080000,0x000000076d160000,0x000000076d180000)
  to   space 1536K, 0% used [0x000000076ce80000,0x000000076ce80000,0x000000076d000000)
 ParOldGen       total 175104K, used 151525K [0x00000006c1000000, 0x00000006cbb00000, 0x000000076b000000)
  object space 175104K, 86% used [0x00000006c1000000,0x00000006ca3f94c0,0x00000006cbb00000)
 Metaspace       used 7004K, capacity 7115K, committed 7424K, reserved 1056768K
  class space    used 641K, capacity 656K, committed 768K, reserved 1048576K
GC Heap History (10 events):
Event: 2675.240 GC heap before
{Heap before GC invocations=724 (full 0):
 PSYoungGen      total 34304K, used 34272K [0x000000076b000000, 0x000000076d400000, 0x00000007c0000000)
  eden space 33280K, 100% used [0x000000076b000000,0x000000076d080000,0x000000076d080000)
  from space 1024K, 96% used [0x000000076d180000,0x000000076d278000,0x000000076d280000)
  to   space 1536K, 0% used [0x000000076d280000,0x000000076d280000,0x000000076d400000)
 ParOldGen       total 175104K, used 150525K [0x00000006c1000000, 0x00000006cbb00000, 0x000000076b000000)
  object space 175104K, 85% used [0x00000006c1000000,0x00000006ca2ff4c0,0x00000006cbb00000)
 Metaspace       used 6996K, capacity 7115K, committed 7424K, reserved 1056768K
  class space    used 639K, capacity 656K, committed 768K, reserved 1048576K
Event: 2675.245 GC heap after
Heap after GC invocations=724 (full 0):
 PSYoungGen      total 33792K, used 928K [0x000000076b000000, 0x000000076d380000, 0x00000007c0000000)
  eden space 32768K, 0% used [0x000000076b000000,0x000000076b000000,0x000000076d000000)
  from space 1024K, 90% used [0x000000076d280000,0x000000076d368000,0x000000076d380000)
  to   space 1536K, 0% used [0x000000076d080000,0x000000076d080000,0x000000076d200000)
 ParOldGen       total 175104K, used 150733K [0x00000006c1000000, 0x00000006cbb00000, 0x000000076b000000)
  object space 175104K, 86% used [0x00000006c1000000,0x00000006ca3334c0,0x00000006cbb00000)
 Metaspace       used 6996K, capacity 7115K, committed 7424K, reserved 1056768K
  class space    used 639K, capacity 656K, committed 768K, reserved 1048576K
}
Event: 2678.706 GC heap before
{Heap before GC invocations=725 (full 0):
 PSYoungGen      total 33792K, used 33696K [0x000000076b000000, 0x000000076d380000, 0x00000007c0000000)
  eden space 32768K, 100% used [0x000000076b000000,0x000000076d000000,0x000000076d000000)
  from space 1024K, 90% used [0x000000076d280000,0x000000076d368000,0x000000076d380000)
  to   space 1536K, 0% used [0x000000076d080000,0x000000076d080000,0x000000076d200000)
 ParOldGen       total 175104K, used 150733K [0x00000006c1000000, 0x00000006cbb00000, 0x000000076b000000)
  object space 175104K, 86% used [0x00000006c1000000,0x00000006ca3334c0,0x00000006cbb00000)
 Metaspace       used 6996K, capacity 7115K, committed 7424K, reserved 1056768K
  class space    used 639K, capacity 656K, committed 768K, reserved 1048576K
Event: 2678.710 GC heap after
Heap after GC invocations=725 (full 0):
 PSYoungGen      total 33280K, used 960K [0x000000076b000000, 0x000000076d300000, 0x00000007c0000000)
  eden space 32256K, 0% used [0x000000076b000000,0x000000076b000000,0x000000076cf80000)
  from space 1024K, 93% used [0x000000076d080000,0x000000076d170000,0x000000076d180000)
  to   space 1536K, 0% used [0x000000076d180000,0x000000076d180000,0x000000076d300000)
 ParOldGen       total 175104K, used 150941K [0x00000006c1000000, 0x00000006cbb00000, 0x000000076b000000)
  object space 175104K, 86% used [0x00000006c1000000,0x00000006ca3674c0,0x00000006cbb00000)
 Metaspace       used 6996K, capacity 7115K, committed 7424K, reserved 1056768K
  class space    used 639K, capacity 656K, committed 768K, reserved 1048576K
}
Event: 2682.107 GC heap before
{Heap before GC invocations=726 (full 0):
 PSYoungGen      total 33280K, used 33216K [0x000000076b000000, 0x000000076d300000, 0x00000007c0000000)
  eden space 32256K, 100% used [0x000000076b000000,0x000000076cf80000,0x000000076cf80000)
  from space 1024K, 93% used [0x000000076d080000,0x000000076d170000,0x000000076d180000)
  to   space 1536K, 0% used [0x000000076d180000,0x000000076d180000,0x000000076d300000)
 ParOldGen       total 175104K, used 150941K [0x00000006c1000000, 0x00000006cbb00000, 0x000000076b000000)
  object space 175104K, 86% used [0x00000006c1000000,0x00000006ca3674c0,0x00000006cbb00000)
 Metaspace       used 6996K, capacity 7115K, committed 7424K, reserved 1056768K
  class space    used 639K, capacity 656K, committed 768K, reserved 1048576K
Event: 2682.110 GC heap after
Heap after GC invocations=726 (full 0):
 PSYoungGen      total 32768K, used 960K [0x000000076b000000, 0x000000076d280000, 0x00000007c0000000)
  eden space 31744K, 0% used [0x000000076b000000,0x000000076b000000,0x000000076cf00000)
  from space 1024K, 93% used [0x000000076d180000,0x000000076d270000,0x000000076d280000)
  to   space 1536K, 0% used [0x000000076cf80000,0x000000076cf80000,0x000000076d100000)
 ParOldGen       total 175104K, used 151141K [0x00000006c1000000, 0x00000006cbb00000, 0x000000076b000000)
  object space 175104K, 86% used [0x00000006c1000000,0x00000006ca3994c0,0x00000006cbb00000)
 Metaspace       used 6996K, capacity 7115K, committed 7424K, reserved 1056768K
  class space    used 639K, capacity 656K, committed 768K, reserved 1048576K
}
Event: 2685.873 GC heap before
{Heap before GC invocations=727 (full 0):
 PSYoungGen      total 32768K, used 32704K [0x000000076b000000, 0x000000076d280000, 0x00000007c0000000)
  eden space 31744K, 100% used [0x000000076b000000,0x000000076cf00000,0x000000076cf00000)
  from space 1024K, 93% used [0x000000076d180000,0x000000076d270000,0x000000076d280000)
  to   space 1536K, 0% used [0x000000076cf80000,0x000000076cf80000,0x000000076d100000)
 ParOldGen       total 175104K, used 151141K [0x00000006c1000000, 0x00000006cbb00000, 0x000000076b000000)
  object space 175104K, 86% used [0x00000006c1000000,0x00000006ca3994c0,0x00000006cbb00000)
 Metaspace       used 6996K, capacity 7115K, committed 7424K, reserved 1056768K
  class space    used 639K, capacity 656K, committed 768K, reserved 1048576K
Event: 2685.877 GC heap after
Heap after GC invocations=727 (full 0):
 PSYoungGen      total 32256K, used 896K [0x000000076b000000, 0x000000076d200000, 0x00000007c0000000)
  eden space 31232K, 0% used [0x000000076b000000,0x000000076b000000,0x000000076ce80000)
  from space 1024K, 87% used [0x000000076cf80000,0x000000076d060000,0x000000076d080000)
  to   space 1536K, 0% used [0x000000076d080000,0x000000076d080000,0x000000076d200000)
 ParOldGen       total 175104K, used 151333K [0x00000006c1000000, 0x00000006cbb00000, 0x000000076b000000)
  object space 175104K, 86% used [0x00000006c1000000,0x00000006ca3c94c0,0x00000006cbb00000)
 Metaspace       used 6996K, capacity 7115K, committed 7424K, reserved 1056768K
  class space    used 639K, capacity 656K, committed 768K, reserved 1048576K
}
Event: 2708.514 GC heap before
{Heap before GC invocations=728 (full 0):
 PSYoungGen      total 32256K, used 32128K [0x000000076b000000, 0x000000076d200000, 0x00000007c0000000)
  eden space 31232K, 100% used [0x000000076b000000,0x000000076ce80000,0x000000076ce80000)
  from space 1024K, 87% used [0x000000076cf80000,0x000000076d060000,0x000000076d080000)
  to   space 1536K, 0% used [0x000000076d080000,0x000000076d080000,0x000000076d200000)
 ParOldGen       total 175104K, used 151333K [0x00000006c1000000, 0x00000006cbb00000, 0x000000076b000000)
  object space 175104K, 86% used [0x00000006c1000000,0x00000006ca3c94c0,0x00000006cbb00000)
 Metaspace       used 6996K, capacity 7115K, committed 7424K, reserved 1056768K
  class space    used 639K, capacity 656K, committed 768K, reserved 1048576K
Event: 2708.518 GC heap after
Heap after GC invocations=728 (full 0):
 PSYoungGen      total 32256K, used 896K [0x000000076b000000, 0x000000076d180000, 0x00000007c0000000)
  eden space 31232K, 0% used [0x000000076b000000,0x000000076b000000,0x000000076ce80000)
  from space 1024K, 87% used [0x000000076d080000,0x000000076d160000,0x000000076d180000)
  to   space 1536K, 0% used [0x000000076ce80000,0x000000076ce80000,0x000000076d000000)
 ParOldGen       total 175104K, used 151525K [0x00000006c1000000, 0x00000006cbb00000, 0x000000076b000000)
  object space 175104K, 86% used [0x00000006c1000000,0x00000006ca3f94c0,0x00000006cbb00000)
 Metaspace       used 6996K, capacity 7115K, committed 7424K, reserved 1056768K
  class space    used 639K, capacity 656K, committed 768K, reserved 1048576K
}

